acl						install
acpi						install
acpi-fakekey					install
acpi-support					install
acpi-support-base				install
acpid						install
acpitool					install
adduser						install
adwaita-icon-theme				install
alsa-base					install
alsa-oss					install
alsa-utils					install
anacron						install
apt						install
apt-file					install
apt-listchanges					install
apt-show-versions				install
apt-utils					install
ascii						install
aspell						install
aspell-fr					install
at						install
at-spi2-core					install
audacity					install
audacity-data					install
autoconf					install
automake					install
autopoint					install
autotools-dev					install
avahi-daemon					install
avahi-utils					install
base-files					install
base-passwd					install
bash						install
bash-completion					install
bc						install
bind9-host					install
binfmt-support					install
binutils					install
bison						install
blt						install
bootlogd					install
bsdmainutils					install
bsdutils					install
build-essential					install
busybox						install
bzip2						install
ca-certificates					install
ca-certificates-java				install
camorama					install
ccache						install
ccze						install
cgmanager					install
chkconfig					install
clementine					install
cmake						install
cmake-data					install
coinor-libcbc3					install
coinor-libcgl1					install
coinor-libclp1					install
coinor-libcoinmp1:amd64				install
coinor-libcoinutils3				install
coinor-libosi1					install
console-setup					install
console-setup-linux				install
consolekit					install
coreutils					install
cpio						install
cpp						install
cpp-4.8						install
cpp-4.9						install
cppcheck					install
cpufrequtils					install
cramfsprogs					install
crda						install
cron						install
cups						install
cups-browsed					install
cups-client					install
cups-common					install
cups-core-drivers				install
cups-daemon					install
cups-filters					install
cups-filters-core-drivers			install
cups-ppdc					install
cups-server-common				install
curl						install
dash						install
dbus						install
dbus-x11					install
dc						install
dconf-gsettings-backend:amd64			install
dconf-service					install
debconf						install
debconf-i18n					install
debhelper					install
debian-archive-keyring				install
debian-faq					install
debian-keyring					install
debian-policy					install
debianutils					install
debootstrap					install
deborphan					install
default-jre					install
default-jre-headless				install
desktop-base					install
desktop-file-utils				install
developers-reference-fr				install
dh-python					install
dialog						install
dictionaries-common				install
diffpdf						install
diffstat					install
diffutils					install
discover					install
discover-data					install
distcc						deinstall
dkms						install
dmidecode					install
dmsetup						install
dns-root-data					install
dnsmasq						install
dnsmasq-base					install
dnsutils					install
doc-debian					install
doc-debian-fr					install
doc-linux-fr-text				install
docutils-common					install
docutils-doc					install
dos2unix					install
dosfstools					install
doxygen						install
dpkg						install
dpkg-dev					install
e2fslibs:amd64					install
e2fsprogs					install
eject						install
emacsen-common					install
enchant						install
ethtool						install
exim4-config					install
exo-utils					install
extlinux					install
exuberant-ctags					install
fakeroot					install
file						install
findutils					install
flashplugin-nonfree				install
flex						install
fontconfig					install
fontconfig-config				install
fonts-dejavu					install
fonts-dejavu-core				install
fonts-dejavu-extra				install
fonts-droid					install
fonts-freefont-ttf				install
fonts-liberation				install
fonts-lmodern					install
fonts-lyx					install
fonts-opensymbol				install
fonts-sil-gentium				install
fonts-sil-gentium-basic				install
fonts-texgyre					install
freepats					install
ftp						install
fuse						install
g++						install
g++-4.9						install
gawk						install
gcc						install
gcc-4.7-base:amd64				install
gcc-4.8						install
gcc-4.8-base:amd64				install
gcc-4.9						install
gcc-4.9-base:amd64				install
gcc-4.9-base:i386				install
gcj-4.9-jre-lib					install
gconf-service					install
gconf2						install
gconf2-common					install
gcr						install
gdb						install
gdisk						install
geany						install
geany-common					install
geoclue-2.0					install
geoip-database					install
gettext						install
gettext-base					install
ghostscript					install
gimp						install
gimp-data					install
gir1.2-atk-1.0					install
gir1.2-freedesktop:amd64			install
gir1.2-gdkpixbuf-2.0				install
gir1.2-glib-2.0:amd64				install
gir1.2-gstreamer-0.10				install
gir1.2-gtk-3.0:amd64				install
gir1.2-gtksource-3.0:amd64			install
gir1.2-pango-1.0:amd64				install
git						install
git-core					install
git-man						install
gksu						install
glib-networking:amd64				install
glib-networking-common				install
glib-networking-services			install
gnome-icon-theme				install
gnome-keyring					install
gnome-mime-data					install
gnupg						install
gnupg-agent					install
gnupg2						install
gparted						install
gpgv						install
grep						install
groff-base					install
grub-common					install
grub-pc						install
grub-pc-bin					install
grub2-common					install
gsettings-desktop-schemas			install
gsfonts						install
gstreamer-tools					install
gstreamer0.10-alsa:amd64			install
gstreamer0.10-gconf:amd64			install
gstreamer0.10-plugins-bad:amd64			install
gstreamer0.10-plugins-base:amd64		install
gstreamer0.10-plugins-good:amd64		install
gstreamer0.10-plugins-ugly:amd64		install
gstreamer0.10-tools				install
gstreamer0.10-x:amd64				install
gstreamer1.0-plugins-bad:amd64			install
gstreamer1.0-plugins-base:amd64			install
gstreamer1.0-plugins-good:amd64			install
gstreamer1.0-tools				install
gstreamer1.0-x:amd64				install
gtk2-engines-xfce				install
guile-2.0-libs:amd64				install
gvfs:amd64					install
gvfs-common					install
gvfs-daemons					install
gvfs-libs:amd64					install
gzip						install
hdparm						install
hicolor-icon-theme				install
host						install
hostname					install
hping3						install
htop						install
hunspell-en-us					install
i2c-tools					install
i965-va-driver:amd64				install
icedove						install
icedove-l10n-fr					install
icedtea-7-jre-jamvm:amd64			install
iceowl-extension				install
iceweasel					install
iceweasel-l10n-fr				install
ifstat						install
ifupdown					install
imagemagick					install
imagemagick-6.q16				install
imagemagick-common				install
indent						install
info						install
init						install
init-system-helpers				install
initramfs-tools					install
initscripts					install
insserv						install
install-info					install
installation-report				install
intel-microcode					install
intltool-debian					install
iperf						install
iproute						install
iproute2					install
iptables					install
iputils-ping					install
ipython						install
isc-dhcp-client					install
isc-dhcp-common					install
iso-codes					install
iucode-tool					install
iw						install
java-common					install
jlink						install
kbd						install
keyboard-configuration				install
klibc-utils					install
kmod						install
krb5-locales					install
laptop-detect					install
lbzip2						install
less						install
liba52-0.7.4					install
libaa1:amd64					install
libaacs0:amd64					install
libabw-0.1-1					install
libacl1:amd64					install
libalgorithm-c3-perl				install
libalgorithm-diff-perl				install
libalgorithm-diff-xs-perl			install
libalgorithm-merge-perl				install
libamd2.3.1:amd64				install
libapr1:amd64					install
libaprutil1:amd64				install
libapt-inst1.5:amd64				install
libapt-pkg-perl					install
libapt-pkg4.12:amd64				install
libarchive-zip-perl				install
libarchive13:amd64				install
libart-2.0-2:amd64				install
libasan0:amd64					install
libasan1:amd64					install
libasound2:amd64				install
libasound2-data					install
libasound2-dev:amd64				install
libasound2-plugins:amd64			install
libaspell15:amd64				install
libasprintf-dev:amd64				install
libasprintf0c2:amd64				install
libass5:amd64					install
libassuan0:amd64				install
libasyncns0:amd64				install
libatasmart4:amd64				install
libatk-bridge2.0-0:amd64			install
libatk-wrapper-java				install
libatk-wrapper-java-jni:amd64			install
libatk1.0-0:amd64				install
libatk1.0-data					install
libatkmm-1.6-1:amd64				install
libatlas3-base					install
libatomic1:amd64				install
libatspi2.0-0:amd64				install
libattr1:amd64					install
libaudio2:amd64					install
libaudit-common					install
libaudit1:amd64					install
libauthen-sasl-perl				install
libavahi-client3:amd64				install
libavahi-common-data:amd64			install
libavahi-common3:amd64				install
libavahi-core7:amd64				install
libavahi-glib1:amd64				install
libavc1394-0:amd64				install
libavcodec56:amd64				install
libavformat56:amd64				install
libavresample2:amd64				install
libavutil54:amd64				install
libbabl-0.1-0:amd64				install
libbasicusageenvironment0			install
libbind9-90					install
libbison-dev:amd64				install
libblas-common					install
libblas3					install
libblkid1:amd64					install
libbluray1:amd64				install
libbonobo2-0:amd64				install
libbonobo2-common				install
libbonoboui2-0:amd64				install
libbonoboui2-common				install
libboost-date-time1.55.0:amd64			install
libboost-iostreams1.55.0:amd64			install
libboost-system1.55.0:amd64			install
libbsd0:amd64					install
libbz2-1.0:amd64				install
libc-ares2:amd64				install
libc-bin					install
libc-dev-bin					install
libc6:amd64					install
libc6-dbg:amd64					install
libc6-dev:amd64					install
libc6-i386					hold
libcaca0:amd64					install
libcairo-gobject2:amd64				install
libcairo-perl					install
libcairo2:amd64					install
libcairomm-1.0-1				install
libcamd2.3.1:amd64				install
libcanberra-gtk3-0:amd64			install
libcanberra-gtk3-module:amd64			install
libcanberra0:amd64				install
libcap-ng0:amd64				install
libcap2:amd64					install
libcap2-bin					install
libccolamd2.8.0:amd64				install
libcdaudio1					install
libcddb2					install
libcdio13					install
libcdparanoia0:amd64				install
libcdr-0.1-1					install
libcgi-pm-perl					install
libcgmanager0:amd64				install
libcholmod2.1.2:amd64				install
libchromaprint0:amd64				install
libcilkrts5:amd64				install
libck-connector0:amd64				install
libclang1-3.5:amd64				install
libclass-c3-perl				install
libclass-c3-xs-perl				install
libclass-isa-perl				install
libcln6						install
libcloog-isl4:amd64				install
libclucene-contribs1:amd64			install
libclucene-core1:amd64				install
libcmis-0.4-4					install
libcolamd2.8.0:amd64				install
libcolord2:amd64				install
libcomerr2:amd64				install
libconfig-file-perl				install
libcpan-meta-perl				install
libcpufreq0					install
libcroco3:amd64					install
libcryptsetup4:amd64				install
libcrystalhd3:amd64				install
libcups2:amd64					install
libcupscgi1:amd64				install
libcupsfilters1:amd64				install
libcupsimage2:amd64				install
libcupsmime1:amd64				install
libcupsppdc1:amd64				install
libcurl3:amd64					install
libcurl3-gnutls:amd64				install
libdaemon0:amd64				install
libdata-optlist-perl				install
libdata-section-perl				install
libdatrie1:amd64				install
libdb5.3:amd64					install
libdbus-1-3:amd64				install
libdbus-glib-1-2:amd64				install
libdbusmenu-glib4:amd64				install
libdbusmenu-qt2:amd64				install
libdc1394-22:amd64				install
libdca0:amd64					install
libdconf1:amd64					install
libdebconfclient0:amd64				install
libdevmapper1.02.1:amd64			install
libdirac-encoder0:amd64				install
libdirectfb-1.2-9:amd64				install
libdiscover2					install
libdjvulibre-text				install
libdjvulibre21:amd64				install
libdns-export100				install
libdns100					install
libdpkg-perl					install
libdrm-intel1:amd64				install
libdrm-nouveau2:amd64				install
libdrm-radeon1:amd64				install
libdrm2:amd64					install
libdv4:amd64					install
libdvbpsi9:amd64				install
libdvdnav4:amd64				install
libdvdread4:amd64				install
libe-book-0.1-1					install
libebml4:amd64					install
libechonest2.1:amd64				install
libedit2:amd64					install
libegl1-mesa:amd64				install
libegl1-mesa-drivers:amd64			install
libelf1:amd64					install
libenca0:amd64					install
libenchant1c2a:amd64				install
libencode-locale-perl				install
libeot0						install
libepoxy0					install
liberror-perl					install
libestr0					install
libetonyek-0.1-1				install
libevdev2					install
libevent-2.0-5:amd64				install
libevent-core-2.0-5:amd64			install
libevent-dev					install
libevent-extra-2.0-5:amd64			install
libevent-openssl-2.0-5:amd64			install
libevent-pthreads-2.0-5:amd64			install
libexif12:amd64					install
libexiv2-13:amd64				install
libexo-1-0:amd64				install
libexo-common					install
libexo-helpers					install
libexpat1:amd64					install
libexpat1-dev:amd64				install
libexttextcat-2.0-0				install
libexttextcat-data				install
libfaad2:amd64					install
libfakeroot:amd64				install
libffi6:amd64					install
libfftw3-double3:amd64				install
libfftw3-single3:amd64				install
libfile-basedir-perl				install
libfile-copy-recursive-perl			install
libfile-desktopentry-perl			install
libfile-fcntllock-perl				install
libfile-homedir-perl				install
libfile-listing-perl				install
libfile-mimeinfo-perl				install
libfile-which-perl				install
libfl-dev:amd64					install
libflac++6:amd64				install
libflac8:amd64					install
libflite1:amd64					install
libfluidsynth1:amd64				install
libfont-afm-perl				install
libfontconfig1:amd64				install
libfontembed1:amd64				install
libfontenc1:amd64				install
libfreehand-0.1-1				install
libfreerdp-cache1.1:amd64			install
libfreerdp-client1.1:amd64			install
libfreerdp-codec1.1:amd64			install
libfreerdp-common1.1.0:amd64			install
libfreerdp-core1.1:amd64			install
libfreerdp-crypto1.1:amd64			install
libfreerdp-gdi1.1:amd64				install
libfreerdp-locale1.1:amd64			install
libfreerdp-primitives1.1:amd64			install
libfreerdp-rail1.1:amd64			install
libfreerdp-utils1.1:amd64			install
libfreetype6:amd64				install
libfribidi0:amd64				install
libftgl2:amd64					install
libfuse2:amd64					install
libgail18:amd64					install
libgarcon-1-0					install
libgarcon-common				install
libgbm1:amd64					install
libgc1c2:amd64					install
libgcc-4.8-dev:amd64				install
libgcc-4.9-dev:amd64				install
libgcc1:amd64					install
libgcj-common					install
libgcj15:amd64					install
libgck-1-0:amd64				install
libgconf-2-4:amd64				install
libgconf2-4:amd64				install
libgcr-3-common					install
libgcr-base-3-1:amd64				install
libgcr-ui-3-1:amd64				install
libgcrypt20:amd64				install
libgdbm3:amd64					install
libgdk-pixbuf2.0-0:amd64			install
libgdk-pixbuf2.0-common				install
libgegl-0.2-0:amd64				install
libgeoip1:amd64					install
libgettextpo-dev:amd64				install
libgettextpo0:amd64				install
libgfortran3:amd64				install
libgif4:amd64					install
libgimp2.0					install
libgirepository-1.0-1:amd64			install
libgksu2-0					install
libgl1-mesa-dri:amd64				install
libgl1-mesa-glx:amd64				install
libglade2-0:amd64				install
libglapi-mesa:amd64				install
libgles1-mesa:amd64				install
libgles2-mesa:amd64				install
libglew1.10:amd64				install
libglib-perl					install
libglib2.0-0:amd64				install
libglib2.0-data					install
libglibmm-2.4-1c2a:amd64			install
libgltf-0.0-0					install
libglu1-mesa:amd64				install
libgme0						install
libgmp10:amd64					install
libgnome-2-0:amd64				install
libgnome-keyring-common				install
libgnome-keyring0:amd64				install
libgnome2-0:amd64				install
libgnome2-bin					install
libgnome2-common				install
libgnomecanvas2-0:amd64				install
libgnomecanvas2-common				install
libgnomeui-0:amd64				install
libgnomeui-common				install
libgnomevfs2-0:amd64				install
libgnomevfs2-common				install
libgnomevfs2-extra:amd64			install
libgnutls-deb0-28:amd64				install
libgnutls-openssl27:amd64			install
libgomp1:amd64					install
libgpg-error0:amd64				install
libgpgme11:amd64				install
libgpm2:amd64					install
libgpod-common					install
libgpod4:amd64					install
libgraphite2-3:amd64				install
libgroupsock1					install
libgs9						install
libgs9-common					install
libgsm1:amd64					install
libgsoap5:amd64					install
libgssapi-krb5-2:amd64				install
libgst-dev					install
libgst7						install
libgstreamer-plugins-bad0.10-0:amd64		install
libgstreamer-plugins-bad1.0-0:amd64		install
libgstreamer-plugins-base0.10-0:amd64		install
libgstreamer-plugins-base1.0-0:amd64		install
libgstreamer0.10-0:amd64			install
libgstreamer1.0-0:amd64				install
libgstreamer1.0-dev				deinstall
libgtk-3-0:amd64				install
libgtk-3-bin					install
libgtk-3-common					install
libgtk2-perl					install
libgtk2.0-0:amd64				install
libgtk2.0-bin					install
libgtk2.0-common				install
libgtkglext1					install
libgtkmm-2.4-1c2a:amd64				install
libgtksourceview-3.0-1:amd64			install
libgtksourceview-3.0-common			install
libgtop2-7					install
libgtop2-common					install
libgudev-1.0-0:amd64				install
libgutenprint2					install
libharfbuzz-icu0:amd64				install
libharfbuzz0b:amd64				install
libhogweed2:amd64				install
libhsqldb1.8.0-java				install
libhtml-form-perl				install
libhtml-format-perl				install
libhtml-parser-perl				install
libhtml-tagset-perl				install
libhtml-tree-perl				install
libhttp-cookies-perl				install
libhttp-daemon-perl				install
libhttp-date-perl				install
libhttp-message-perl				install
libhttp-negotiate-perl				install
libhunspell-1.3-0:amd64				install
libhyphen0					install
libical1					deinstall
libical1a					install
libice-dev:amd64				install
libice6:amd64					install
libicu52:amd64					install
libid3tag0					install
libidl0:amd64					install
libidn11:amd64					install
libiec61883-0:amd64				install
libijs-0.35:amd64				install
libilmbase6:amd64				install
libimobiledevice-utils				install
libimobiledevice4:amd64				install
libindicate-qt1					install
libindicate5					install
libintl-perl					install
libio-html-perl					install
libio-socket-ip-perl				install
libio-socket-ssl-perl				install
libirs-export91					install
libisc-export95					install
libisc95					install
libisccc90					install
libisccfg-export90				install
libisccfg90					install
libisl10:amd64					install
libiso9660-8					install
libitm1:amd64					install
libiw30:amd64					install
libjack-jackd2-0:amd64				install
libjasper1:amd64				install
libjavascriptcoregtk-3.0-0:amd64		install
libjbig0:amd64					install
libjbig2dec0					install
libjemalloc1					install
libjpeg-turbo-progs				install
libjpeg62-turbo:amd64				install
libjs-excanvas					install
libjs-jquery					install
libjs-jquery-ui					install
libjson-c2:amd64				install
libjson-glib-1.0-0:amd64			install
libjson-glib-1.0-common				install
libk5crypto3:amd64				install
libkate1					install
libkeybinder0					install
libkeyutils1:amd64				install
libklibc					install
libkmod2:amd64					install
libkpathsea6					install
libkrb5-3:amd64					install
libkrb5support0:amd64				install
libksba8:amd64					install
liblangtag-common				install
liblangtag1					install
liblapack3					install
liblastfm1:amd64				install
liblcms2-2:amd64				install
libldap-2.4-2:amd64				install
liblensfun-data					install
liblensfun0					install
liblinear1:amd64				install
liblircclient0					install
liblist-moreutils-perl				install
liblivemedia23					install
libllvm3.5:amd64				install
liblocale-gettext-perl				install
liblockfile-bin					install
liblockfile1:amd64				install
liblogging-stdlog0:amd64			install
liblognorm0					deinstall
liblognorm1:amd64				install
liblqr-1-0:amd64				install
liblsan0:amd64					install
libltdl-dev:amd64				install
libltdl7:amd64					install
liblua5.2-0:amd64				install
liblwp-mediatypes-perl				install
liblwp-protocol-https-perl			install
liblwres90					install
liblzma5:amd64					install
liblzo2-2:amd64					install
libmad0:amd64					install
libmagic1:amd64					install
libmagick++-6.q16-5:amd64			install
libmagickcore-6.q16-2:amd64			install
libmagickcore-6.q16-2-extra:amd64		install
libmagickwand-6.q16-2:amd64			install
libmail-sendmail-perl				install
libmailtools-perl				install
libmatroska6:amd64				install
libmhash2:amd64					install
libmikmod3:amd64				install
libmimic0					install
libminiupnpc10:amd64				install
libmjpegutils-2.1-0				install
libmm-glib0:amd64				install
libmms0:amd64					install
libmng1:amd64					install
libmnl0:amd64					install
libmodplug1					install
libmodule-build-perl				install
libmodule-signature-perl			install
libmount1:amd64					install
libmp3lame0:amd64				install
libmpc3:amd64					install
libmpcdec6:amd64				install
libmpdec2:amd64					install
libmpeg2-4:amd64				install
libmpeg2encpp-2.1-0				install
libmpfr4:amd64					install
libmpg123-0:amd64				install
libmplex2-2.1-0					install
libmro-compat-perl				install
libmspub-0.1-1					install
libmtdev1:amd64					install
libmtp-common					install
libmtp-runtime					install
libmtp9:amd64					install
libmwaw-0.3-3					install
libmysqlclient18:amd64				install
libmythes-1.2-0					install
libncurses5:amd64				install
libncurses5-dev:amd64				install
libncursesw5:amd64				install
libneon27-gnutls				install
libnet-dbus-perl				install
libnet-http-perl				install
libnet-smtp-ssl-perl				install
libnet-ssleay-perl				install
libnet1:amd64					install
libnetfilter-acct1:amd64			install
libnetfilter-conntrack3:amd64			install
libnetpbm10					install
libnettle4:amd64				install
libnewt0.52:amd64				install
libnfnetlink0:amd64				install
libnfsidmap2:amd64				install
libnih-dbus1					install
libnih1						install
libnl-3-200:amd64				install
libnl-genl-3-200:amd64				install
libnl-route-3-200:amd64				install
libnotify-bin					install
libnotify4:amd64				install
libnspr4:amd64					install
libnss-mdns:amd64				install
libnss3:amd64					install
libobjc-4.9-dev:amd64				install
libobjc4:amd64					install
libodfgen-0.1-1					install
libofa0						install
libogg0:amd64					install
libopenal-data					install
libopenal1:amd64				install
libopencore-amrnb0:amd64			install
libopencore-amrwb0:amd64			install
libopencv-calib3d2.4:amd64			install
libopencv-contrib2.4:amd64			install
libopencv-core2.4:amd64				install
libopencv-features2d2.4:amd64			install
libopencv-flann2.4:amd64			install
libopencv-highgui2.4:amd64			install
libopencv-imgproc2.4:amd64			install
libopencv-legacy2.4:amd64			install
libopencv-ml2.4:amd64				install
libopencv-objdetect2.4:amd64			install
libopencv-video2.4:amd64			install
libopenexr6:amd64				install
libopenjpeg5:amd64				install
libopenraw1:amd64				install
libopenvg1-mesa:amd64				install
libopus0:amd64					install
liborbit-2-0:amd64				install
liborbit2:amd64					install
liborc-0.4-0:amd64				install
liborcus-0.8-0					install
libp11-kit0:amd64				install
libpackage-constants-perl			install
libpam-cap:amd64				install
libpam-ck-connector:amd64			install
libpam-gnome-keyring				install
libpam-modules:amd64				install
libpam-modules-bin				install
libpam-runtime					install
libpam-systemd:amd64				install
libpam0g:amd64					install
libpango-1.0-0:amd64				install
libpango-perl					install
libpango1.0-0:amd64				install
libpangocairo-1.0-0:amd64			install
libpangoft2-1.0-0:amd64				install
libpangomm-1.4-1:amd64				install
libpangox-1.0-0:amd64				install
libpangoxft-1.0-0:amd64				install
libpaper-utils					install
libpaper1:amd64					install
libparams-util-perl				install
libparted-fs-resize0:amd64			install
libparted2:amd64				install
libpcap-dev					install
libpcap0.8:amd64				install
libpcap0.8-dev					install
libpci3:amd64					install
libpciaccess0:amd64				install
libpcre3:amd64					install
libpcsclite1:amd64				install
libperl4-corelibs-perl				install
libperl5.20					install
libpgm-5.1-0					install
libphonon4:amd64				install
libpipeline1:amd64				install
libpixman-1-0:amd64				install
libplist2:amd64					install
libplot2c2					install
libpng12-0:amd64				install
libpod-readme-perl				install
libpolkit-agent-1-0:amd64			install
libpolkit-backend-1-0:amd64			install
libpolkit-gobject-1-0:amd64			install
libpoppler-cpp0:amd64				install
libpoppler-glib8:amd64				install
libpoppler-qt4-4:amd64				install
libpoppler-qt5-1:amd64				install
libpoppler46:amd64				install
libpopt0:amd64					install
libportaudio2:amd64				install
libportsmf0:amd64				install
libpostproc52					install
libpotrace0					install
libprocps3:amd64				install
libprojectm2					install
libprotobuf9:amd64				install
libproxy-tools					install
libproxy1:amd64					install
libpsl0:amd64					install
libpstoedit0c2a					install
libptexenc1					install
libpth20:amd64					install
libpthread-stubs0-dev:amd64			install
libpulse-mainloop-glib0:amd64			install
libpulse0:amd64					install
libpulsedsp:amd64				install
libpython-dev:amd64				install
libpython-stdlib:amd64				install
libpython2.7:amd64				install
libpython2.7-dev:amd64				install
libpython2.7-minimal:amd64			install
libpython2.7-stdlib:amd64			install
libpython3-stdlib:amd64				install
libpython3.4:amd64				install
libpython3.4-minimal:amd64			install
libpython3.4-stdlib:amd64			install
libqalculate5:amd64				install
libqalculate5-data				install
libqca2:amd64					install
libqjson0:amd64					install
libqpdf13:amd64					install
libqt4-dbus:amd64				install
libqt4-declarative:amd64			install
libqt4-designer:amd64				install
libqt4-dev					install
libqt4-dev-bin					install
libqt4-help:amd64				install
libqt4-network:amd64				install
libqt4-opengl:amd64				install
libqt4-qt3support:amd64				install
libqt4-script:amd64				install
libqt4-scripttools:amd64			install
libqt4-sql:amd64				install
libqt4-sql-mysql:amd64				install
libqt4-sql-sqlite:amd64				install
libqt4-svg:amd64				install
libqt4-test:amd64				install
libqt4-xml:amd64				install
libqt4-xmlpatterns:amd64			install
libqt5core5a:amd64				install
libqt5dbus5:amd64				install
libqt5gui5:amd64				install
libqt5printsupport5:amd64			install
libqt5sql5:amd64				install
libqt5sql5-sqlite:amd64				install
libqt5svg5:amd64				install
libqt5widgets5:amd64				install
libqt5xml5:amd64				install
libqtassistantclient4:amd64			install
libqtcore4:amd64				install
libqtdbus4:amd64				install
libqtgui4:amd64					install
libqtwebkit-dev					install
libqtwebkit4:amd64				install
libquadmath0:amd64				install
libqxt-core0:amd64				install
libqxt-gui0:amd64				install
libraptor2-0:amd64				install
librasqal3:amd64				install
libraw1394-11:amd64				install
librdf0:amd64					install
libreadline6:amd64				install
libregexp-assemble-perl				install
libregexp-common-perl				install
libreoffice					install
libreoffice-avmedia-backend-gstreamer		install
libreoffice-base				install
libreoffice-base-core				install
libreoffice-base-drivers			install
libreoffice-calc				install
libreoffice-common				install
libreoffice-core				install
libreoffice-draw				install
libreoffice-impress				install
libreoffice-java-common				install
libreoffice-l10n-fr				install
libreoffice-math				install
libreoffice-report-builder-bin			install
libreoffice-sdbc-hsqldb				install
libreoffice-style-galaxy			install
libreoffice-writer				install
libresid-builder0c2a				install
librest-0.7-0:amd64				install
librevenge-0.0-0				install
librsvg2-2:amd64				install
librsvg2-common:amd64				install
librtmp1:amd64					install
libsamplerate0:amd64				install
libsasl2-2:amd64				install
libsasl2-modules:amd64				install
libsasl2-modules-db:amd64			install
libsbc1:amd64					install
libsbsms10:amd64				install
libschroedinger-1.0-0:amd64			install
libsdl-image1.2:amd64				install
libsdl-mixer1.2:amd64				install
libsdl1.2debian:amd64				install
libsecret-1-0:amd64				install
libsecret-common				install
libselinux1:amd64				install
libsemanage-common				install
libsemanage1:amd64				install
libsensors4:amd64				install
libsepol1:amd64					install
libserf-1-1:amd64				install
libservlet2.5-java				install
libsgutils2-2					install
libshine3:amd64					install
libshout3:amd64					install
libsidplay1					install
libsidplay2					install
libsigc++-2.0-0c2a:amd64			install
libsigsegv2:amd64				install
libslang2:amd64					install
libslv2-9					install
libsm-dev:amd64					install
libsm6:amd64					install
libsmartcols1:amd64				install
libsmi2ldbl:amd64				install
libsndfile1:amd64				install
libsnmp-base					install
libsnmp30:amd64					install
libsodium13:amd64				install
libsoftware-license-perl			install
libsoundtouch0:amd64				install
libsoup-gnome2.4-1:amd64			install
libsoup2.4-1:amd64				install
libsoxr0:amd64					install
libspandsp2:amd64				install
libspectre1:amd64				install
libspeex1:amd64					install
libspeexdsp1:amd64				install
libsqlite3-0:amd64				install
libsqlite3-dev:amd64				install
libsrtp0					install
libss2:amd64					install
libssh2-1:amd64					install
libssl1.0.0:amd64				install
libstartup-notification0:amd64			install
libstdc++-4.9-dev:amd64				install
libstdc++6:amd64				install
libsub-exporter-perl				install
libsub-install-perl				install
libsvn1:amd64					install
libswitch-perl					install
libswscale3:amd64				install
libsynctex1					install
libsys-hostname-long-perl			install
libsystemd0:amd64				install
libtag1-vanilla:amd64				install
libtag1c2a:amd64				install
libtasn1-6:amd64				install
libtbb2						install
libtcl8.6:amd64					install
libtdb1:amd64					install
libtext-charwidth-perl				install
libtext-iconv-perl				install
libtext-template-perl				install
libtext-unidecode-perl				install
libtext-wrapi18n-perl				install
libthai-data					install
libthai0:amd64					install
libtheora0:amd64				install
libthunarx-2-0					install
libtie-ixhash-perl				install
libtiff5:amd64					install
libtimedate-perl				install
libtinfo-dev:amd64				install
libtinfo5:amd64					install
libtinyxml2-2:amd64				install
libtirpc1:amd64					install
libtk8.6:amd64					install
libtokyocabinet9:amd64				install
libtool						install
libtsan0:amd64					install
libtumbler-1-0					install
libturbojpeg1:amd64				install
libtwolame0					install
libtxc-dxtn-s2tc0:amd64				install
libubsan0:amd64					install
libudev1:amd64					install
libudisks2-0:amd64				install
libumfpack5.6.2:amd64				install
libunique-1.0-0					install
libunistring0:amd64				install
libupnp6					install
libupower-glib3:amd64				install
liburi-perl					install
libusageenvironment1				install
libusb-0.1-4:amd64				install
libusb-1.0-0:amd64				install
libusbmuxd2:amd64				install
libustr-1.0-1:amd64				install
libutempter0					install
libuuid-perl					install
libuuid1:amd64					install
libv4l-0:amd64					install
libv4l2rds0:amd64				install
libv4lconvert0:amd64				install
libva-drm1:amd64				install
libva-x11-1:amd64				install
libva1:amd64					install
libvamp-hostsdk3:amd64				install
libvcdinfo0					install
libvdpau1:amd64					install
libvisio-0.1-1					install
libvisual-0.4-0:amd64				install
libvisual-0.4-plugins:amd64			install
libvlc5						install
libvlccore7					deinstall
libvlccore8					install
libvncclient0:amd64				install
libvncserver0:amd64				install
libvo-aacenc0:amd64				install
libvo-amrwbenc0:amd64				install
libvorbis0a:amd64				install
libvorbisenc2:amd64				install
libvorbisfile3:amd64				install
libvpx1:amd64					install
libvte-common					install
libvte9						install
libvtv0:amd64					deinstall
libwavpack1:amd64				install
libwayland-client0:amd64			install
libwayland-cursor0:amd64			install
libwayland-egl1-mesa:amd64			install
libwayland-server0:amd64			install
libwebkitgtk-3.0-0:amd64			install
libwebkitgtk-3.0-common				install
libwebp5:amd64					install
libwebpdemux1:amd64				install
libwebpmux1:amd64				install
libwebrtc-audio-processing-0:amd64		install
libwhisker2-perl				install
libwildmidi-config				install
libwildmidi1:amd64				install
libwine:amd64					install
libwine-gecko-2.21				install
libwinpr-crt0.1:amd64				install
libwinpr-crypto0.1:amd64			install
libwinpr-dsparse0.1:amd64			install
libwinpr-environment0.1:amd64			install
libwinpr-file0.1:amd64				install
libwinpr-handle0.1:amd64			install
libwinpr-heap0.1:amd64				install
libwinpr-input0.1:amd64				install
libwinpr-interlocked0.1:amd64			install
libwinpr-library0.1:amd64			install
libwinpr-path0.1:amd64				install
libwinpr-pool0.1:amd64				install
libwinpr-registry0.1:amd64			install
libwinpr-rpc0.1:amd64				install
libwinpr-sspi0.1:amd64				install
libwinpr-synch0.1:amd64				install
libwinpr-sysinfo0.1:amd64			install
libwinpr-thread0.1:amd64			install
libwinpr-utils0.1:amd64				install
libwireshark-data				install
libwireshark5:amd64				install
libwiretap4:amd64				install
libwmf0.2-7:amd64				install
libwnck-common					install
libwnck22					install
libwpd-0.10-10					install
libwpg-0.3-3					install
libwps-0.3-3					install
libwrap0:amd64					install
libwsutil4:amd64				install
libwww-perl					install
libwww-robotrules-perl				install
libwxbase3.0-0:amd64				install
libwxgtk3.0-0:amd64				install
libx11-6:amd64					install
libx11-data					install
libx11-dev:amd64				install
libx11-doc					install
libx11-protocol-perl				install
libx11-xcb1:amd64				install
libx264-142:amd64				install
libx86-1:amd64					install
libxapian22					install
libxatracker2:amd64				install
libxau-dev:amd64				install
libxau6:amd64					install
libxaw7:amd64					install
libxcb-composite0:amd64				install
libxcb-dri2-0:amd64				install
libxcb-dri3-0:amd64				install
libxcb-glx0:amd64				install
libxcb-icccm4:amd64				install
libxcb-image0:amd64				install
libxcb-keysyms1:amd64				install
libxcb-present0:amd64				install
libxcb-randr0:amd64				install
libxcb-render-util0:amd64			install
libxcb-render0:amd64				install
libxcb-shape0:amd64				install
libxcb-shm0:amd64				install
libxcb-sync1:amd64				install
libxcb-util0:amd64				install
libxcb-xfixes0:amd64				install
libxcb-xkb1:amd64				install
libxcb-xv0:amd64				install
libxcb1:amd64					install
libxcb1-dev:amd64				install
libxcomposite1:amd64				install
libxcursor1:amd64				install
libxdamage1:amd64				install
libxdmcp-dev:amd64				install
libxdmcp6:amd64					install
libxext-dev:amd64				install
libxext6:amd64					install
libxfce4ui-1-0					install
libxfce4ui-utils				install
libxfce4util-bin				install
libxfce4util-common				install
libxfce4util6					install
libxfconf-0-2					install
libxfixes3:amd64				install
libxfont1:amd64					install
libxft2:amd64					install
libxi6:amd64					install
libxinerama1:amd64				install
libxkbcommon-x11-0:amd64			install
libxkbcommon0:amd64				install
libxkbfile1:amd64				install
libxklavier16					install
libxml-libxml-perl				install
libxml-namespacesupport-perl			install
libxml-parser-perl				install
libxml-sax-base-perl				install
libxml-sax-expat-perl				install
libxml-sax-perl					install
libxml-twig-perl				install
libxml-xpathengine-perl				install
libxml2:amd64					install
libxmu-dev:amd64				install
libxmu-headers					install
libxmu6:amd64					install
libxmuu1:amd64					install
libxpm4:amd64					install
libxrandr2:amd64				install
libxrender1:amd64				install
libxres1:amd64					install
libxshmfence1:amd64				install
libxslt1.1:amd64				install
libxss1:amd64					install
libxt-dev:amd64					install
libxt6:amd64					install
libxtables10					install
libxtst6:amd64					install
libxv1:amd64					install
libxvidcore4:amd64				install
libxvmc1:amd64					install
libxxf86dga1:amd64				install
libxxf86vm1:amd64				install
libyajl2:amd64					install
libyaml-tiny-perl				install
libyelp0					install
libzbar0					install
libzmq3:amd64					install
libzvbi-common					install
libzvbi0:amd64					install
libzzip-0-13:amd64				install
linux-base					install
linux-compiler-gcc-4.8-x86			install
linux-headers-3.14-1-amd64			install
linux-headers-3.14-1-common			install
linux-headers-3.19.0				install
linux-image-3.14-1-amd64			install
linux-image-3.19.0				install
linux-kbuild-3.14				install
linux-libc-dev:amd64				install
lm-sensors					install
lmodern						install
locales						install
lockfile-progs					install
login						install
logrotate					install
lp-solve					install
lrzsz						install
lsb-base					install
lsb-release					install
lshw						install
lsof						install
lynx-cur					install
lzop						install
m4						install
maint-guide-fr					install
make-guile					install
man-db						install
manpages					install
manpages-dev					install
manpages-fr					install
manpages-fr-dev					install
manpages-fr-extra				install
mawk						install
meld						install
mercurial					install
mercurial-common				install
mesa-utils					install
mime-support					install
minicom						install
mlocate						install
module-init-tools				install
mount						install
mpg123						install
mtools						install
multiarch-support				install
mutt						install
mutt-patched					install
myspell-fr					install
mysql-common					install
nano						install
ncurses-base					install
ncurses-bin					install
ncurses-term					install
ndiff						install
net-tools					install
netbase						install
netcat-traditional				install
netdiscover					install
netpbm						install
nfacct						install
nfs-common					install
nfs-kernel-server				install
nikto						install
nmap						install
nodm						install
notification-daemon				install
ntfs-3g						install
ntpdate						install
numlockx					install
openbsd-inetd					install
openjdk-7-jre:amd64				install
openjdk-7-jre-headless:amd64			install
openssh-client					install
openssl						install
orage						install
os-prober					install
oss-compat					install
p11-kit						install
p11-kit-modules:amd64				install
p7zip-full					install
packeth						install
parted						install
passwd						install
patch						install
pbzip2						install
pciutils					install
pdfgrep						install
pdftk						install
perl						install
perl-base					install
perl-modules					install
phonon:amd64					install
phonon-backend-vlc:amd64			install
pigz						install
pinentry-gtk2					install
pkg-config					install
pm-utils					install
po-debconf					install
policykit-1					install
policykit-1-gnome				install
poppler-data					install
poppler-utils					install
powermgmt-base					install
prerex						install
preview-latex-style				install
printer-driver-gutenprint			install
procmail					install
procps						install
projectm-data					install
prosper						install
ps2eps						install
psmisc						install
pstoedit					install
pulseaudio					install
pulseaudio-module-x11				install
pulseaudio-utils				install
pv						install
python						install
python-apt					install
python-apt-common				install
python-cairo					install
python-chardet					install
python-dateutil					install
python-dbus					install
python-dbus-dev					install
python-debian					install
python-debianbts				install
python-decorator				install
python-defusedxml				install
python-dev					install
python-docutils					install
python-gconf					install
python-gi					install
python-gi-cairo					install
python-glade2					install
python-gnome2					install
python-gobject					install
python-gobject-2				install
python-gtk2					install
python-imaging					install
python-keybinder				install
python-lxml					install
python-matplotlib				install
python-matplotlib-data				install
python-minimal					install
python-mock					install
python-nose					install
python-notify					install
python-numpy					install
python-pexpect					install
python-pil:amd64				install
python-pkg-resources				install
python-pygments					install
python-pyorbit					install
python-pyparsing				install
python-qt4					install
python-reportbug				install
python-roman					install
python-scipy					install
python-setuptools				install
python-simplegeneric				install
python-sip					install
python-six					install
python-soappy					install
python-support					install
python-tk					install
python-tz					install
python-vte					install
python-wstools					install
python-wxgtk3.0					install
python-wxversion				install
python-zmq					install
python2.7					install
python2.7-dev					install
python2.7-minimal				install
python3						install
python3-minimal					install
python3-uno					install
python3.4					install
python3.4-minimal				install
qalc						install
qalculate					hold
qalculate-gtk					install
qdbus						install
qpdf						install
qpdfview					install
qpdfview-djvu-plugin				install
qpdfview-ps-plugin				install
qpdfview-translations				install
qt4-linguist-tools				install
qt4-qmake					install
qt5-qmake:amd64					install
qtchooser					install
qtcore4-l10n					install
qttranslations5-l10n				install
quassel						install
quassel-data					install
quilt						install
read-edid					install
readline-common					install
redis-tools					install
reportbug					install
rpcbind						install
rsync						install
rsyslog						install
rtkit						install
rtmpdump					install
screen						install
sed						install
sensible-utils					install
sgml-base					install
shared-mime-info				install
shellcheck					install
sshpass						install
ssl-cert					install
startpar					install
strace						install
subversion					install
sudo						install
supertux					install
supertux-data					install
syslinux					install
syslinux-common					install
systemd						install
systemd-shim					install
systemd-sysv					install
sysv-rc						install
sysvinit					install
sysvinit-core					deinstall
sysvinit-utils					install
tango-icon-theme				install
tar						install
task-french					install
task-laptop					install
tasksel						install
tasksel-data					install
tcl8.6						install
tcpd						install
tcpdump						install
telnet						install
terminator					install
tex-common					install
tex-gyre					install
texinfo						install
texlive-base					install
texlive-binaries				install
texlive-extra-utils				install
texlive-font-utils				install
texlive-fonts-recommended			install
texlive-fonts-recommended-doc			install
texlive-generic-recommended			install
texlive-latex-base				install
texlive-latex-base-doc				install
texlive-latex-extra				install
texlive-latex-extra-doc				install
texlive-latex-recommended			install
texlive-latex-recommended-doc			install
texlive-pictures				install
texlive-pictures-doc				install
texlive-pstricks				install
texlive-pstricks-doc				install
tftp						install
tftpd						install
thunar						install
thunar-data					install
thunar-volman					install
time						install
tipa						install
tk8.6						install
tk8.6-blt2.5					install
trace-cmd					install
traceroute					install
tree						install
tshark						install
tsocks						install
ttf-dejavu-core					install
tumbler						install
tumbler-common					install
tzdata						install
tzdata-java					install
u-boot-tools					install
ucf						install
udev						install
udisks2						install
ufraw-batch					install
unetbootin					install
unetbootin-translations				install
uno-libs3					install
unrar						install
unzip						install
update-inetd					install
upower						install
ure						install
usbmuxd						install
usbutils					install
util-linux					install
util-linux-locales				install
uuid-runtime					install
v4l-utils					install
va-driver-all:amd64				install
valgrind					install
valgrind-dbg					install
vbetool						install
vdpau-va-driver:amd64				install
vim						install
vim-common					install
vim-runtime					install
vim-tiny					install
virtualbox					install
virtualbox-dkms					install
virtualbox-qt					install
vlc						install
vlc-data					install
vlc-nox						install
vlc-plugin-notify				install
vlc-plugin-pulse				install
vprerex						install
w3m						install
wamerican					install
wfrench						install
wget						install
whiptail					install
whois						install
wine						install
wine64						install
wireless-regdb					install
wireless-tools					install
wireshark					install
wireshark-common				install
x11-apps					install
x11-common					install
x11-session-utils				install
x11-utils					install
x11-xkb-utils					install
x11-xserver-utils				install
x11proto-core-dev				install
x11proto-input-dev				install
x11proto-kb-dev					install
x11proto-xext-dev				install
xarchiver					install
xauth						install
xbacklight					install
xbitmaps					install
xdg-user-dirs					install
xdg-utils					install
xfce-keyboard-shortcuts				install
xfce4						install
xfce4-appfinder					install
xfce4-mixer					install
xfce4-notifyd					install
xfce4-panel					install
xfce4-power-manager				install
xfce4-power-manager-data			install
xfce4-power-manager-plugins			install
xfce4-screenshooter				install
xfce4-screenshooter-plugin			install
xfce4-session					install
xfce4-settings					install
xfce4-volumed					install
xfconf						install
xfdesktop4					install
xfdesktop4-data					install
xfonts-100dpi					install
xfonts-75dpi					install
xfonts-base					install
xfonts-encodings				install
xfonts-scalable					install
xfonts-utils					install
xfwm4						install
xfwm4-themes					install
xinit						install
xinput						install
xkb-data					install
xml-core					install
xorg						install
xorg-docs-core					install
xorg-sgml-doctools				install
xscreensaver					install
xscreensaver-data				install
xserver-common					install
xserver-xorg					install
xserver-xorg-core				install
xserver-xorg-input-all				install
xserver-xorg-input-evdev			install
xserver-xorg-input-mouse			install
xserver-xorg-input-synaptics			install
xserver-xorg-input-vmmouse			install
xserver-xorg-input-wacom			install
xserver-xorg-video-all				install
xserver-xorg-video-ati				install
xserver-xorg-video-cirrus			install
xserver-xorg-video-fbdev			install
xserver-xorg-video-intel			install
xserver-xorg-video-mach64			install
xserver-xorg-video-mga				install
xserver-xorg-video-modesetting			install
xserver-xorg-video-neomagic			install
xserver-xorg-video-nouveau			install
xserver-xorg-video-openchrome			install
xserver-xorg-video-r128				install
xserver-xorg-video-radeon			install
xserver-xorg-video-savage			install
xserver-xorg-video-siliconmotion		install
xserver-xorg-video-sisusb			install
xserver-xorg-video-tdfx				install
xserver-xorg-video-trident			install
xserver-xorg-video-vesa				install
xserver-xorg-video-vmware			install
xterm						install
xtrans-dev					install
xz-utils					install
yelp						install
yelp-xsl					install
zip						install
zlib1g:amd64					install
